<?xml version="1.0" encoding="UTF-8"?>
<!-- Generated by org.testng.reporters.JUnitReportReporter -->
<testsuite hostname="Elisses-Laptop.local" failures="0" tests="1" name="cucumber.TestNGTestRunner" time="52.962" errors="0" timestamp="2025-05-22T00:51:27 PST" skipped="0">
  <testcase classname="cucumber.TestNGTestRunner" name="runScenario" time="52.962"/>
  <system-out/>
</testsuite> <!-- cucumber.TestNGTestRunner -->
