<?xml version="1.0" encoding="UTF-8"?>
<!-- Generated by org.testng.reporters.JUnitReportReporter -->
<testsuite hostname="Elisses-Laptop.local" failures="0" tests="2" name="elissectesting.tests.SubmitOrderTest" time="16.382" errors="0" timestamp="2025-05-20T15:37:18 PST" skipped="0">
  <testcase classname="elissectesting.tests.SubmitOrderTest" name="submitOrder" time="9.502"/>
  <system-out/>
  <testcase classname="elissectesting.tests.SubmitOrderTest" name="submitOrder" time="6.880"/>
  <system-out/>
</testsuite> <!-- elissectesting.tests.SubmitOrderTest -->
