<?xml version="1.0" encoding="UTF-8"?>
<!-- Generated by org.testng.reporters.JUnitReportReporter -->
<testsuite hostname="Elisses-Laptop.local" failures="0" tests="1" name="elissectesting.tests.ErrorValidations" time="11.929" errors="0" timestamp="2025-05-17T02:26:08 PST" skipped="0">
  <testcase classname="elissectesting.tests.ErrorValidations" name="productChecking" time="11.929"/>
  <system-out/>
</testsuite> <!-- elissectesting.tests.ErrorValidations -->
