<?xml version="1.0" encoding="UTF-8"?>
<!-- Generated by org.testng.reporters.JUnitReportReporter -->
<testsuite hostname="Elisses-Laptop.local" failures="0" tests="1" name="cucumber.TestNGTestRunner" time="8.579" errors="0" timestamp="2025-05-22T01:17:35 PST" skipped="0">
  <testcase classname="cucumber.TestNGTestRunner" name="runScenario" time="8.579"/>
  <system-out/>
</testsuite> <!-- cucumber.TestNGTestRunner -->
