<?xml version="1.0" encoding="UTF-8"?>
<!-- Generated by org.testng.reporters.JUnitReportReporter -->
<testsuite hostname="Elisses-Laptop.local" failures="0" tests="2" name="elissectesting.tests.SubmitOrderTest" time="43.650" errors="0" timestamp="2025-05-20T23:11:29 PST" skipped="0">
  <testcase classname="elissectesting.tests.SubmitOrderTest" name="submitOrder" time="9.375"/>
  <system-out/>
  <testcase classname="elissectesting.tests.SubmitOrderTest" name="submitOrder" time="34.275"/>
  <system-out/>
</testsuite> <!-- elissectesting.tests.SubmitOrderTest -->
